<?xml version="1.0" encoding="UTF-8"?>
<!-- Generated by org.testng.reporters.JUnitXMLReporter -->
<testsuite ignored="0" hostname="DESKTOP-S1UAVLS" failures="0" tests="6" name="Test" time="0.099" errors="0" timestamp="2021-01-05T08:58:12 IST">
  <testcase classname="qaclickacademy.AppiumTest" name="IOSapp" time="0.012"/>
  <testcase classname="qaclickacademy.AppiumTest" name="Nativeappandroid" time="0.004"/>
  <testcase classname="qaclickacademy.SeleniumTest" name="BrowserAutomation" time="0.002"/>
  <testcase classname="qaclickacademy.SeleniumTest" name="elementui" time="0.004"/>
  <testcase classname="qaclickacademy.RESTAPITest" name="deleteTwitter" time="0.002"/>
  <testcase classname="qaclickacademy.RESTAPITest" name="postJira" time="0.003"/>
</testsuite> <!-- Test -->
